<html>
<head>
<title>TestNG:  Customer_50</title>
<link href="../testng.css" rel="stylesheet" type="text/css" />
<link href="../my-testng.css" rel="stylesheet" type="text/css" />

<style type="text/css">
.log { display: none;} 
.stack-trace { display: none;} 
</style>
<script type="text/javascript">
<!--
function flip(e) {
  current = e.style.display;
  if (current == 'block') {
    e.style.display = 'none';
    return 0;
  }
  else {
    e.style.display = 'block';
    return 1;
  }
}

function toggleBox(szDivId, elem, msg1, msg2)
{
  var res = -1;  if (document.getElementById) {
    res = flip(document.getElementById(szDivId));
  }
  else if (document.all) {
    // this is the way old msie versions work
    res = flip(document.all[szDivId]);
  }
  if(elem) {
    if(res == 0) elem.innerHTML = msg1; else elem.innerHTML = msg2;
  }

}

function toggleAllBoxes() {
  if (document.getElementsByTagName) {
    d = document.getElementsByTagName('div');
    for (i = 0; i < d.length; i++) {
      if (d[i].className == 'log') {
        flip(d[i]);
      }
    }
  }
}

// -->
</script>

</head>
<body>
<h2 align='center'>Customer_50</h2><table border='1' align="center">
<tr>
<td>Tests passed/Failed/Skipped:</td><td>1/0/0</td>
</tr><tr>
<td>Started on:</td><td>Thu Apr 09 19:48:55 ICT 2020</td>
</tr>
<tr><td>Total time:</td><td>0 seconds (15 ms)</td>
</tr><tr>
<td>Included groups:</td><td></td>
</tr><tr>
<td>Excluded groups:</td><td></td>
</tr>
</table><p/>
<small><i>(Hover the method name to see the test class name)</i></small><p/>
<table width='100%' border='1' class='invocation-failed'>
<tr><td colspan='4' align='center'><b>FAILED TESTS</b></td></tr>
<tr><td><b>Test method</b></td>
<td width="30%"><b>Exception</b></td>
<td width="10%"><b>Time (seconds)</b></td>
<td><b>Instance</b></td>
</tr>
<tr>
<td title='unitTest.CustomerDAOTest.addCustomer()'><b>addCustomer</b><br>Test class: unitTest.CustomerDAOTest<br>Parameters: Nguy?n Minh Châu @#$, loosepussy99, 123456, false, 0987654321, 6a Wall Street, false</td>
<td><div><pre>java.lang.AssertionError: expected [false] but found [true]
	at unitTest.CustomerDAOTest.addCustomer(CustomerDAOTest.java:54)
	at org.springframework.test.context.testng.AbstractTestNGSpringContextTests.run(AbstractTestNGSpringContextTests.java:180)
	at java.util.ArrayList.forEach(Unknown Source)
... Removed 33 stack frames</pre></div><a href='#' onClick='toggleBox("stack-trace374205056", this, "Click to show all stack frames", "Click to hide stack frames")'>Click to show all stack frames</a>
<div class='stack-trace' id='stack-trace374205056'><pre>java.lang.AssertionError: expected [false] but found [true]
	at org.testng.Assert.fail(Assert.java:97)
	at org.testng.Assert.assertEqualsImpl(Assert.java:136)
	at org.testng.Assert.assertEquals(Assert.java:118)
	at org.testng.Assert.assertEquals(Assert.java:563)
	at unitTest.CustomerDAOTest.addCustomer(CustomerDAOTest.java:54)
	at sun.reflect.NativeMethodAccessorImpl.invoke0(Native Method)
	at sun.reflect.NativeMethodAccessorImpl.invoke(Unknown Source)
	at sun.reflect.DelegatingMethodAccessorImpl.invoke(Unknown Source)
	at java.lang.reflect.Method.invoke(Unknown Source)
	at org.testng.internal.MethodInvocationHelper.invokeMethod(MethodInvocationHelper.java:133)
	at org.testng.internal.MethodInvocationHelper$1.runTestMethod(MethodInvocationHelper.java:239)
	at org.springframework.test.context.testng.AbstractTestNGSpringContextTests.run(AbstractTestNGSpringContextTests.java:180)
	at org.testng.internal.MethodInvocationHelper.invokeHookable(MethodInvocationHelper.java:251)
	at org.testng.internal.TestInvoker.invokeMethod(TestInvoker.java:580)
	at org.testng.internal.TestInvoker.invokeTestMethod(TestInvoker.java:172)
	at org.testng.internal.MethodRunner.runInSequence(MethodRunner.java:46)
	at org.testng.internal.TestInvoker$MethodInvocationAgent.invoke(TestInvoker.java:804)
	at org.testng.internal.TestInvoker.invokeTestMethods(TestInvoker.java:145)
	at org.testng.internal.TestMethodWorker.invokeTestMethods(TestMethodWorker.java:146)
	at org.testng.internal.TestMethodWorker.run(TestMethodWorker.java:128)
	at java.util.ArrayList.forEach(Unknown Source)
	at org.testng.TestRunner.privateRun(TestRunner.java:770)
	at org.testng.TestRunner.run(TestRunner.java:591)
	at org.testng.SuiteRunner.runTest(SuiteRunner.java:402)
	at org.testng.SuiteRunner.runSequentially(SuiteRunner.java:396)
	at org.testng.SuiteRunner.privateRun(SuiteRunner.java:355)
	at org.testng.SuiteRunner.run(SuiteRunner.java:304)
	at org.testng.SuiteRunnerWorker.runSuite(SuiteRunnerWorker.java:53)
	at org.testng.SuiteRunnerWorker.run(SuiteRunnerWorker.java:96)
	at org.testng.TestNG.runSuitesSequentially(TestNG.java:1180)
	at org.testng.TestNG.runSuitesLocally(TestNG.java:1102)
	at org.testng.TestNG.runSuites(TestNG.java:1032)
	at org.testng.TestNG.run(TestNG.java:1000)
	at org.testng.remote.AbstractRemoteTestNG.run(AbstractRemoteTestNG.java:115)
	at org.testng.remote.RemoteTestNG.initAndRun(RemoteTestNG.java:251)
	at org.testng.remote.RemoteTestNG.main(RemoteTestNG.java:77)
</pre></div></td>
<td>0</td>
<td>unitTest.CustomerDAOTest@5ab9e72c</td></tr>
<tr>
<td title='unitTest.CustomerDAOTest.addCustomer()'><b>addCustomer</b><br>Test class: unitTest.CustomerDAOTest<br>Parameters: Nguy?n Minh Châu, loose, 123456, false, 0987654321, 6a Wall Street, false</td>
<td><div><pre>java.lang.AssertionError: expected [false] but found [true]
	at unitTest.CustomerDAOTest.addCustomer(CustomerDAOTest.java:54)
	at org.springframework.test.context.testng.AbstractTestNGSpringContextTests.run(AbstractTestNGSpringContextTests.java:180)
	at java.util.ArrayList.forEach(Unknown Source)
... Removed 33 stack frames</pre></div><a href='#' onClick='toggleBox("stack-trace1314088099", this, "Click to show all stack frames", "Click to hide stack frames")'>Click to show all stack frames</a>
<div class='stack-trace' id='stack-trace1314088099'><pre>java.lang.AssertionError: expected [false] but found [true]
	at org.testng.Assert.fail(Assert.java:97)
	at org.testng.Assert.assertEqualsImpl(Assert.java:136)
	at org.testng.Assert.assertEquals(Assert.java:118)
	at org.testng.Assert.assertEquals(Assert.java:563)
	at unitTest.CustomerDAOTest.addCustomer(CustomerDAOTest.java:54)
	at sun.reflect.NativeMethodAccessorImpl.invoke0(Native Method)
	at sun.reflect.NativeMethodAccessorImpl.invoke(Unknown Source)
	at sun.reflect.DelegatingMethodAccessorImpl.invoke(Unknown Source)
	at java.lang.reflect.Method.invoke(Unknown Source)
	at org.testng.internal.MethodInvocationHelper.invokeMethod(MethodInvocationHelper.java:133)
	at org.testng.internal.MethodInvocationHelper$1.runTestMethod(MethodInvocationHelper.java:239)
	at org.springframework.test.context.testng.AbstractTestNGSpringContextTests.run(AbstractTestNGSpringContextTests.java:180)
	at org.testng.internal.MethodInvocationHelper.invokeHookable(MethodInvocationHelper.java:251)
	at org.testng.internal.TestInvoker.invokeMethod(TestInvoker.java:580)
	at org.testng.internal.TestInvoker.invokeTestMethod(TestInvoker.java:172)
	at org.testng.internal.MethodRunner.runInSequence(MethodRunner.java:46)
	at org.testng.internal.TestInvoker$MethodInvocationAgent.invoke(TestInvoker.java:804)
	at org.testng.internal.TestInvoker.invokeTestMethods(TestInvoker.java:145)
	at org.testng.internal.TestMethodWorker.invokeTestMethods(TestMethodWorker.java:146)
	at org.testng.internal.TestMethodWorker.run(TestMethodWorker.java:128)
	at java.util.ArrayList.forEach(Unknown Source)
	at org.testng.TestRunner.privateRun(TestRunner.java:770)
	at org.testng.TestRunner.run(TestRunner.java:591)
	at org.testng.SuiteRunner.runTest(SuiteRunner.java:402)
	at org.testng.SuiteRunner.runSequentially(SuiteRunner.java:396)
	at org.testng.SuiteRunner.privateRun(SuiteRunner.java:355)
	at org.testng.SuiteRunner.run(SuiteRunner.java:304)
	at org.testng.SuiteRunnerWorker.runSuite(SuiteRunnerWorker.java:53)
	at org.testng.SuiteRunnerWorker.run(SuiteRunnerWorker.java:96)
	at org.testng.TestNG.runSuitesSequentially(TestNG.java:1180)
	at org.testng.TestNG.runSuitesLocally(TestNG.java:1102)
	at org.testng.TestNG.runSuites(TestNG.java:1032)
	at org.testng.TestNG.run(TestNG.java:1000)
	at org.testng.remote.AbstractRemoteTestNG.run(AbstractRemoteTestNG.java:115)
	at org.testng.remote.RemoteTestNG.initAndRun(RemoteTestNG.java:251)
	at org.testng.remote.RemoteTestNG.main(RemoteTestNG.java:77)
</pre></div></td>
<td>0</td>
<td>unitTest.CustomerDAOTest@3e6ef8ad</td></tr>
<tr>
<td title='unitTest.CustomerDAOTest.addCustomer()'><b>addCustomer</b><br>Test class: unitTest.CustomerDAOTest<br>Parameters: Nguy?n Minh Châu, loosepuss, 12345, false, 0987654321, 6a Wall Street, false</td>
<td><div><pre>java.lang.AssertionError: expected [false] but found [true]
	at unitTest.CustomerDAOTest.addCustomer(CustomerDAOTest.java:54)
	at org.springframework.test.context.testng.AbstractTestNGSpringContextTests.run(AbstractTestNGSpringContextTests.java:180)
	at java.util.ArrayList.forEach(Unknown Source)
... Removed 33 stack frames</pre></div><a href='#' onClick='toggleBox("stack-trace2043756599", this, "Click to show all stack frames", "Click to hide stack frames")'>Click to show all stack frames</a>
<div class='stack-trace' id='stack-trace2043756599'><pre>java.lang.AssertionError: expected [false] but found [true]
	at org.testng.Assert.fail(Assert.java:97)
	at org.testng.Assert.assertEqualsImpl(Assert.java:136)
	at org.testng.Assert.assertEquals(Assert.java:118)
	at org.testng.Assert.assertEquals(Assert.java:563)
	at unitTest.CustomerDAOTest.addCustomer(CustomerDAOTest.java:54)
	at sun.reflect.NativeMethodAccessorImpl.invoke0(Native Method)
	at sun.reflect.NativeMethodAccessorImpl.invoke(Unknown Source)
	at sun.reflect.DelegatingMethodAccessorImpl.invoke(Unknown Source)
	at java.lang.reflect.Method.invoke(Unknown Source)
	at org.testng.internal.MethodInvocationHelper.invokeMethod(MethodInvocationHelper.java:133)
	at org.testng.internal.MethodInvocationHelper$1.runTestMethod(MethodInvocationHelper.java:239)
	at org.springframework.test.context.testng.AbstractTestNGSpringContextTests.run(AbstractTestNGSpringContextTests.java:180)
	at org.testng.internal.MethodInvocationHelper.invokeHookable(MethodInvocationHelper.java:251)
	at org.testng.internal.TestInvoker.invokeMethod(TestInvoker.java:580)
	at org.testng.internal.TestInvoker.invokeTestMethod(TestInvoker.java:172)
	at org.testng.internal.MethodRunner.runInSequence(MethodRunner.java:46)
	at org.testng.internal.TestInvoker$MethodInvocationAgent.invoke(TestInvoker.java:804)
	at org.testng.internal.TestInvoker.invokeTestMethods(TestInvoker.java:145)
	at org.testng.internal.TestMethodWorker.invokeTestMethods(TestMethodWorker.java:146)
	at org.testng.internal.TestMethodWorker.run(TestMethodWorker.java:128)
	at java.util.ArrayList.forEach(Unknown Source)
	at org.testng.TestRunner.privateRun(TestRunner.java:770)
	at org.testng.TestRunner.run(TestRunner.java:591)
	at org.testng.SuiteRunner.runTest(SuiteRunner.java:402)
	at org.testng.SuiteRunner.runSequentially(SuiteRunner.java:396)
	at org.testng.SuiteRunner.privateRun(SuiteRunner.java:355)
	at org.testng.SuiteRunner.run(SuiteRunner.java:304)
	at org.testng.SuiteRunnerWorker.runSuite(SuiteRunnerWorker.java:53)
	at org.testng.SuiteRunnerWorker.run(SuiteRunnerWorker.java:96)
	at org.testng.TestNG.runSuitesSequentially(TestNG.java:1180)
	at org.testng.TestNG.runSuitesLocally(TestNG.java:1102)
	at org.testng.TestNG.runSuites(TestNG.java:1032)
	at org.testng.TestNG.run(TestNG.java:1000)
	at org.testng.remote.AbstractRemoteTestNG.run(AbstractRemoteTestNG.java:115)
	at org.testng.remote.RemoteTestNG.initAndRun(RemoteTestNG.java:251)
	at org.testng.remote.RemoteTestNG.main(RemoteTestNG.java:77)
</pre></div></td>
<td>0</td>
<td>unitTest.CustomerDAOTest@223aa2f7</td></tr>
<tr>
<td title='unitTest.CustomerDAOTest.addCustomer()'><b>addCustomer</b><br>Test class: unitTest.CustomerDAOTest<br>Parameters: Nguy?n Minh Châu, loosepuss, 123456, false, 0@87654321, 6a Wall Street, false</td>
<td><div><pre>java.lang.AssertionError: expected [false] but found [true]
	at unitTest.CustomerDAOTest.addCustomer(CustomerDAOTest.java:54)
	at org.springframework.test.context.testng.AbstractTestNGSpringContextTests.run(AbstractTestNGSpringContextTests.java:180)
	at java.util.ArrayList.forEach(Unknown Source)
... Removed 32 stack frames</pre></div><a href='#' onClick='toggleBox("stack-trace1726032955", this, "Click to show all stack frames", "Click to hide stack frames")'>Click to show all stack frames</a>
<div class='stack-trace' id='stack-trace1726032955'><pre>java.lang.AssertionError: expected [false] but found [true]
	at org.testng.Assert.fail(Assert.java:97)
	at org.testng.Assert.assertEqualsImpl(Assert.java:136)
	at org.testng.Assert.assertEquals(Assert.java:118)
	at org.testng.Assert.assertEquals(Assert.java:563)
	at unitTest.CustomerDAOTest.addCustomer(CustomerDAOTest.java:54)
	at sun.reflect.GeneratedMethodAccessor82.invoke(Unknown Source)
	at sun.reflect.DelegatingMethodAccessorImpl.invoke(Unknown Source)
	at java.lang.reflect.Method.invoke(Unknown Source)
	at org.testng.internal.MethodInvocationHelper.invokeMethod(MethodInvocationHelper.java:133)
	at org.testng.internal.MethodInvocationHelper$1.runTestMethod(MethodInvocationHelper.java:239)
	at org.springframework.test.context.testng.AbstractTestNGSpringContextTests.run(AbstractTestNGSpringContextTests.java:180)
	at org.testng.internal.MethodInvocationHelper.invokeHookable(MethodInvocationHelper.java:251)
	at org.testng.internal.TestInvoker.invokeMethod(TestInvoker.java:580)
	at org.testng.internal.TestInvoker.invokeTestMethod(TestInvoker.java:172)
	at org.testng.internal.MethodRunner.runInSequence(MethodRunner.java:46)
	at org.testng.internal.TestInvoker$MethodInvocationAgent.invoke(TestInvoker.java:804)
	at org.testng.internal.TestInvoker.invokeTestMethods(TestInvoker.java:145)
	at org.testng.internal.TestMethodWorker.invokeTestMethods(TestMethodWorker.java:146)
	at org.testng.internal.TestMethodWorker.run(TestMethodWorker.java:128)
	at java.util.ArrayList.forEach(Unknown Source)
	at org.testng.TestRunner.privateRun(TestRunner.java:770)
	at org.testng.TestRunner.run(TestRunner.java:591)
	at org.testng.SuiteRunner.runTest(SuiteRunner.java:402)
	at org.testng.SuiteRunner.runSequentially(SuiteRunner.java:396)
	at org.testng.SuiteRunner.privateRun(SuiteRunner.java:355)
	at org.testng.SuiteRunner.run(SuiteRunner.java:304)
	at org.testng.SuiteRunnerWorker.runSuite(SuiteRunnerWorker.java:53)
	at org.testng.SuiteRunnerWorker.run(SuiteRunnerWorker.java:96)
	at org.testng.TestNG.runSuitesSequentially(TestNG.java:1180)
	at org.testng.TestNG.runSuitesLocally(TestNG.java:1102)
	at org.testng.TestNG.runSuites(TestNG.java:1032)
	at org.testng.TestNG.run(TestNG.java:1000)
	at org.testng.remote.AbstractRemoteTestNG.run(AbstractRemoteTestNG.java:115)
	at org.testng.remote.RemoteTestNG.initAndRun(RemoteTestNG.java:251)
	at org.testng.remote.RemoteTestNG.main(RemoteTestNG.java:77)
</pre></div></td>
<td>0</td>
<td>unitTest.CustomerDAOTest@52af26ee</td></tr>
<tr>
<td title='unitTest.CustomerDAOTest.addCustomer()'><b>addCustomer</b><br>Test class: unitTest.CustomerDAOTest<br>Parameters: Nguy?n Minh Châu, loosepuss, 123456, false, -0987654321, 6a Wall Street, false</td>
<td><div><pre>java.lang.AssertionError: expected [false] but found [true]
	at unitTest.CustomerDAOTest.addCustomer(CustomerDAOTest.java:54)
	at org.springframework.test.context.testng.AbstractTestNGSpringContextTests.run(AbstractTestNGSpringContextTests.java:180)
	at java.util.ArrayList.forEach(Unknown Source)
... Removed 32 stack frames</pre></div><a href='#' onClick='toggleBox("stack-trace473030237", this, "Click to show all stack frames", "Click to hide stack frames")'>Click to show all stack frames</a>
<div class='stack-trace' id='stack-trace473030237'><pre>java.lang.AssertionError: expected [false] but found [true]
	at org.testng.Assert.fail(Assert.java:97)
	at org.testng.Assert.assertEqualsImpl(Assert.java:136)
	at org.testng.Assert.assertEquals(Assert.java:118)
	at org.testng.Assert.assertEquals(Assert.java:563)
	at unitTest.CustomerDAOTest.addCustomer(CustomerDAOTest.java:54)
	at sun.reflect.GeneratedMethodAccessor82.invoke(Unknown Source)
	at sun.reflect.DelegatingMethodAccessorImpl.invoke(Unknown Source)
	at java.lang.reflect.Method.invoke(Unknown Source)
	at org.testng.internal.MethodInvocationHelper.invokeMethod(MethodInvocationHelper.java:133)
	at org.testng.internal.MethodInvocationHelper$1.runTestMethod(MethodInvocationHelper.java:239)
	at org.springframework.test.context.testng.AbstractTestNGSpringContextTests.run(AbstractTestNGSpringContextTests.java:180)
	at org.testng.internal.MethodInvocationHelper.invokeHookable(MethodInvocationHelper.java:251)
	at org.testng.internal.TestInvoker.invokeMethod(TestInvoker.java:580)
	at org.testng.internal.TestInvoker.invokeTestMethod(TestInvoker.java:172)
	at org.testng.internal.MethodRunner.runInSequence(MethodRunner.java:46)
	at org.testng.internal.TestInvoker$MethodInvocationAgent.invoke(TestInvoker.java:804)
	at org.testng.internal.TestInvoker.invokeTestMethods(TestInvoker.java:145)
	at org.testng.internal.TestMethodWorker.invokeTestMethods(TestMethodWorker.java:146)
	at org.testng.internal.TestMethodWorker.run(TestMethodWorker.java:128)
	at java.util.ArrayList.forEach(Unknown Source)
	at org.testng.TestRunner.privateRun(TestRunner.java:770)
	at org.testng.TestRunner.run(TestRunner.java:591)
	at org.testng.SuiteRunner.runTest(SuiteRunner.java:402)
	at org.testng.SuiteRunner.runSequentially(SuiteRunner.java:396)
	at org.testng.SuiteRunner.privateRun(SuiteRunner.java:355)
	at org.testng.SuiteRunner.run(SuiteRunner.java:304)
	at org.testng.SuiteRunnerWorker.runSuite(SuiteRunnerWorker.java:53)
	at org.testng.SuiteRunnerWorker.run(SuiteRunnerWorker.java:96)
	at org.testng.TestNG.runSuitesSequentially(TestNG.java:1180)
	at org.testng.TestNG.runSuitesLocally(TestNG.java:1102)
	at org.testng.TestNG.runSuites(TestNG.java:1032)
	at org.testng.TestNG.run(TestNG.java:1000)
	at org.testng.remote.AbstractRemoteTestNG.run(AbstractRemoteTestNG.java:115)
	at org.testng.remote.RemoteTestNG.initAndRun(RemoteTestNG.java:251)
	at org.testng.remote.RemoteTestNG.main(RemoteTestNG.java:77)
</pre></div></td>
<td>0</td>
<td>unitTest.CustomerDAOTest@485966cc</td></tr>
<tr>
<td title='unitTest.CustomerDAOTest.addCustomer()'><b>addCustomer</b><br>Test class: unitTest.CustomerDAOTest<br>Parameters: Nguy?n Minh Châu, loosepuss, 123456, false, 1987654321, 6a Wall Street, false</td>
<td><div><pre>java.lang.AssertionError: expected [false] but found [true]
	at unitTest.CustomerDAOTest.addCustomer(CustomerDAOTest.java:54)
	at org.springframework.test.context.testng.AbstractTestNGSpringContextTests.run(AbstractTestNGSpringContextTests.java:180)
	at java.util.ArrayList.forEach(Unknown Source)
... Removed 32 stack frames</pre></div><a href='#' onClick='toggleBox("stack-trace689471568", this, "Click to show all stack frames", "Click to hide stack frames")'>Click to show all stack frames</a>
<div class='stack-trace' id='stack-trace689471568'><pre>java.lang.AssertionError: expected [false] but found [true]
	at org.testng.Assert.fail(Assert.java:97)
	at org.testng.Assert.assertEqualsImpl(Assert.java:136)
	at org.testng.Assert.assertEquals(Assert.java:118)
	at org.testng.Assert.assertEquals(Assert.java:563)
	at unitTest.CustomerDAOTest.addCustomer(CustomerDAOTest.java:54)
	at sun.reflect.GeneratedMethodAccessor82.invoke(Unknown Source)
	at sun.reflect.DelegatingMethodAccessorImpl.invoke(Unknown Source)
	at java.lang.reflect.Method.invoke(Unknown Source)
	at org.testng.internal.MethodInvocationHelper.invokeMethod(MethodInvocationHelper.java:133)
	at org.testng.internal.MethodInvocationHelper$1.runTestMethod(MethodInvocationHelper.java:239)
	at org.springframework.test.context.testng.AbstractTestNGSpringContextTests.run(AbstractTestNGSpringContextTests.java:180)
	at org.testng.internal.MethodInvocationHelper.invokeHookable(MethodInvocationHelper.java:251)
	at org.testng.internal.TestInvoker.invokeMethod(TestInvoker.java:580)
	at org.testng.internal.TestInvoker.invokeTestMethod(TestInvoker.java:172)
	at org.testng.internal.MethodRunner.runInSequence(MethodRunner.java:46)
	at org.testng.internal.TestInvoker$MethodInvocationAgent.invoke(TestInvoker.java:804)
	at org.testng.internal.TestInvoker.invokeTestMethods(TestInvoker.java:145)
	at org.testng.internal.TestMethodWorker.invokeTestMethods(TestMethodWorker.java:146)
	at org.testng.internal.TestMethodWorker.run(TestMethodWorker.java:128)
	at java.util.ArrayList.forEach(Unknown Source)
	at org.testng.TestRunner.privateRun(TestRunner.java:770)
	at org.testng.TestRunner.run(TestRunner.java:591)
	at org.testng.SuiteRunner.runTest(SuiteRunner.java:402)
	at org.testng.SuiteRunner.runSequentially(SuiteRunner.java:396)
	at org.testng.SuiteRunner.privateRun(SuiteRunner.java:355)
	at org.testng.SuiteRunner.run(SuiteRunner.java:304)
	at org.testng.SuiteRunnerWorker.runSuite(SuiteRunnerWorker.java:53)
	at org.testng.SuiteRunnerWorker.run(SuiteRunnerWorker.java:96)
	at org.testng.TestNG.runSuitesSequentially(TestNG.java:1180)
	at org.testng.TestNG.runSuitesLocally(TestNG.java:1102)
	at org.testng.TestNG.runSuites(TestNG.java:1032)
	at org.testng.TestNG.run(TestNG.java:1000)
	at org.testng.remote.AbstractRemoteTestNG.run(AbstractRemoteTestNG.java:115)
	at org.testng.remote.RemoteTestNG.initAndRun(RemoteTestNG.java:251)
	at org.testng.remote.RemoteTestNG.main(RemoteTestNG.java:77)
</pre></div></td>
<td>0</td>
<td>unitTest.CustomerDAOTest@3a44431a</td></tr>
<tr>
<td title='unitTest.CustomerDAOTest.addCustomer()'><b>addCustomer</b><br>Test class: unitTest.CustomerDAOTest<br>Parameters: Nguy?n Minh Châu, loosepuss, 123456, false, 098765432, 6a Wall Street, false</td>
<td><div><pre>java.lang.AssertionError: expected [false] but found [true]
	at unitTest.CustomerDAOTest.addCustomer(CustomerDAOTest.java:54)
	at org.springframework.test.context.testng.AbstractTestNGSpringContextTests.run(AbstractTestNGSpringContextTests.java:180)
	at java.util.ArrayList.forEach(Unknown Source)
... Removed 32 stack frames</pre></div><a href='#' onClick='toggleBox("stack-trace1664738820", this, "Click to show all stack frames", "Click to hide stack frames")'>Click to show all stack frames</a>
<div class='stack-trace' id='stack-trace1664738820'><pre>java.lang.AssertionError: expected [false] but found [true]
	at org.testng.Assert.fail(Assert.java:97)
	at org.testng.Assert.assertEqualsImpl(Assert.java:136)
	at org.testng.Assert.assertEquals(Assert.java:118)
	at org.testng.Assert.assertEquals(Assert.java:563)
	at unitTest.CustomerDAOTest.addCustomer(CustomerDAOTest.java:54)
	at sun.reflect.GeneratedMethodAccessor82.invoke(Unknown Source)
	at sun.reflect.DelegatingMethodAccessorImpl.invoke(Unknown Source)
	at java.lang.reflect.Method.invoke(Unknown Source)
	at org.testng.internal.MethodInvocationHelper.invokeMethod(MethodInvocationHelper.java:133)
	at org.testng.internal.MethodInvocationHelper$1.runTestMethod(MethodInvocationHelper.java:239)
	at org.springframework.test.context.testng.AbstractTestNGSpringContextTests.run(AbstractTestNGSpringContextTests.java:180)
	at org.testng.internal.MethodInvocationHelper.invokeHookable(MethodInvocationHelper.java:251)
	at org.testng.internal.TestInvoker.invokeMethod(TestInvoker.java:580)
	at org.testng.internal.TestInvoker.invokeTestMethod(TestInvoker.java:172)
	at org.testng.internal.MethodRunner.runInSequence(MethodRunner.java:46)
	at org.testng.internal.TestInvoker$MethodInvocationAgent.invoke(TestInvoker.java:804)
	at org.testng.internal.TestInvoker.invokeTestMethods(TestInvoker.java:145)
	at org.testng.internal.TestMethodWorker.invokeTestMethods(TestMethodWorker.java:146)
	at org.testng.internal.TestMethodWorker.run(TestMethodWorker.java:128)
	at java.util.ArrayList.forEach(Unknown Source)
	at org.testng.TestRunner.privateRun(TestRunner.java:770)
	at org.testng.TestRunner.run(TestRunner.java:591)
	at org.testng.SuiteRunner.runTest(SuiteRunner.java:402)
	at org.testng.SuiteRunner.runSequentially(SuiteRunner.java:396)
	at org.testng.SuiteRunner.privateRun(SuiteRunner.java:355)
	at org.testng.SuiteRunner.run(SuiteRunner.java:304)
	at org.testng.SuiteRunnerWorker.runSuite(SuiteRunnerWorker.java:53)
	at org.testng.SuiteRunnerWorker.run(SuiteRunnerWorker.java:96)
	at org.testng.TestNG.runSuitesSequentially(TestNG.java:1180)
	at org.testng.TestNG.runSuitesLocally(TestNG.java:1102)
	at org.testng.TestNG.runSuites(TestNG.java:1032)
	at org.testng.TestNG.run(TestNG.java:1000)
	at org.testng.remote.AbstractRemoteTestNG.run(AbstractRemoteTestNG.java:115)
	at org.testng.remote.RemoteTestNG.initAndRun(RemoteTestNG.java:251)
	at org.testng.remote.RemoteTestNG.main(RemoteTestNG.java:77)
</pre></div></td>
<td>0</td>
<td>unitTest.CustomerDAOTest@957e06</td></tr>
</table><p>
<table width='100%' border='1' class='invocation-passed'>
<tr><td colspan='4' align='center'><b>PASSED TESTS</b></td></tr>
<tr><td><b>Test method</b></td>
<td width="30%"><b>Exception</b></td>
<td width="10%"><b>Time (seconds)</b></td>
<td><b>Instance</b></td>
</tr>
<tr>
<td title='unitTest.CustomerDAOTest.addCustomer()'><b>addCustomer</b><br>Test class: unitTest.CustomerDAOTest<br>Parameters: Nguy?n Minh Châu, loosepussy99, 123456, false, 0987654321, 6a Wall Street, true</td>
<td></td>
<td>0</td>
<td>unitTest.CustomerDAOTest@d21a74c</td></tr>
<tr>
<td title='unitTest.CustomerDAOTest.addCustomer()'><b>addCustomer</b><br>Test class: unitTest.CustomerDAOTest<br>Parameters: null, loosepussy99, 123456, false, 0987654321, 6a Wall Street, false</td>
<td></td>
<td>0</td>
<td>unitTest.CustomerDAOTest@236e3f4e</td></tr>
<tr>
<td title='unitTest.CustomerDAOTest.addCustomer()'><b>addCustomer</b><br>Test class: unitTest.CustomerDAOTest<br>Parameters: N, loosepussy99, 123456, false, 0987654321, 6a Wall Street, true</td>
<td></td>
<td>0</td>
<td>unitTest.CustomerDAOTest@6497b078</td></tr>
<tr>
<td title='unitTest.CustomerDAOTest.addCustomer()'><b>addCustomer</b><br>Test class: unitTest.CustomerDAOTest<br>Parameters: Ng, loosepussy99, 123456, false, 0987654321, 6a Wall Street, true</td>
<td></td>
<td>0</td>
<td>unitTest.CustomerDAOTest@f381794</td></tr>
<tr>
<td title='unitTest.CustomerDAOTest.addCustomer()'><b>addCustomer</b><br>Test class: unitTest.CustomerDAOTest<br>Parameters: Nq?ertyuiopsadfghjklzxcvbnmqwertyuiopasdfghjklzxc, loosepussy99, 123456, false, 0987654321, 6a Wall Street, true</td>
<td></td>
<td>0</td>
<td>unitTest.CustomerDAOTest@e1de817</td></tr>
<tr>
<td title='unitTest.CustomerDAOTest.addCustomer()'><b>addCustomer</b><br>Test class: unitTest.CustomerDAOTest<br>Parameters: Nq?ertyuiopsadfgfhjklzxcvbnmqwertyuiopasdfghjklzxc, loosepussy99, 123456, false, 0987654321, 6a Wall Street, true</td>
<td></td>
<td>0</td>
<td>unitTest.CustomerDAOTest@366647c2</td></tr>
<tr>
<td title='unitTest.CustomerDAOTest.addCustomer()'><b>addCustomer</b><br>Test class: unitTest.CustomerDAOTest<br>Parameters: Nq?ertyuiopsdadfgfhjklzxcvbnmqwertyuiopasdfghjklzxc, loosepussy99, 123456, false, 0987654321, 6a Wall Street, false</td>
<td></td>
<td>0</td>
<td>unitTest.CustomerDAOTest@77eca502</td></tr>
<tr>
<td title='unitTest.CustomerDAOTest.addCustomer()'><b>addCustomer</b><br>Test class: unitTest.CustomerDAOTest<br>Parameters: Nguy?n Minh Châu, loosep, 123456, false, 0987654321, 6a Wall Street, true</td>
<td></td>
<td>0</td>
<td>unitTest.CustomerDAOTest@c333c60</td></tr>
<tr>
<td title='unitTest.CustomerDAOTest.addCustomer()'><b>addCustomer</b><br>Test class: unitTest.CustomerDAOTest<br>Parameters: Nguy?n Minh Châu, looseqdertyuiopasdf, 123456, false, 0987654321, 6a Wall Street, true</td>
<td></td>
<td>0</td>
<td>unitTest.CustomerDAOTest@4944252c</td></tr>
<tr>
<td title='unitTest.CustomerDAOTest.addCustomer()'><b>addCustomer</b><br>Test class: unitTest.CustomerDAOTest<br>Parameters: Nguy?n Minh Châu, looseqdertyuiopasdfs, 123456, false, 0987654321, 6a Wall Street, true</td>
<td></td>
<td>0</td>
<td>unitTest.CustomerDAOTest@b62d79</td></tr>
<tr>
<td title='unitTest.CustomerDAOTest.addCustomer()'><b>addCustomer</b><br>Test class: unitTest.CustomerDAOTest<br>Parameters: Nguy?n Minh Châu, looseqdertysduiopasdf, 123456, false, 0987654321, 6a Wall Street, false</td>
<td></td>
<td>0</td>
<td>unitTest.CustomerDAOTest@306f16f3</td></tr>
<tr>
<td title='unitTest.CustomerDAOTest.addCustomer()'><b>addCustomer</b><br>Test class: unitTest.CustomerDAOTest<br>Parameters: Nguy?n Minh Châu, loosepuss, 123456, false, 0987654321, 6a Wall Street, true</td>
<td></td>
<td>0</td>
<td>unitTest.CustomerDAOTest@793be5ca</td></tr>
<tr>
<td title='unitTest.CustomerDAOTest.addCustomer()'><b>addCustomer</b><br>Test class: unitTest.CustomerDAOTest<br>Parameters: Nguy?n Minh Châu, loosepuss, 1234567, false, 0987654321, 6a Wall Street, true</td>
<td></td>
<td>0</td>
<td>unitTest.CustomerDAOTest@7e5afaa6</td></tr>
<tr>
<td title='unitTest.CustomerDAOTest.addCustomer()'><b>addCustomer</b><br>Test class: unitTest.CustomerDAOTest<br>Parameters: Nguy?n Minh Châu, loosepuss, 1234567890qwertyuio, false, 0987654321, 6a Wall Street, true</td>
<td></td>
<td>0</td>
<td>unitTest.CustomerDAOTest@2a54a73f</td></tr>
<tr>
<td title='unitTest.CustomerDAOTest.addCustomer()'><b>addCustomer</b><br>Test class: unitTest.CustomerDAOTest<br>Parameters: Nguy?n Minh Châu, loosepuss, 1234567890qwertyuico, false, 0987654321, 6a Wall Street, true</td>
<td></td>
<td>0</td>
<td>unitTest.CustomerDAOTest@53fdffa1</td></tr>
<tr>
<td title='unitTest.CustomerDAOTest.addCustomer()'><b>addCustomer</b><br>Test class: unitTest.CustomerDAOTest<br>Parameters: Nguy?n Minh Châu, loosepuss, 1234567890qwertyuiozx, false, 0987654321, 6a Wall Street, false</td>
<td></td>
<td>0</td>
<td>unitTest.CustomerDAOTest@2b91004a</td></tr>
<tr>
<td title='unitTest.CustomerDAOTest.addCustomer()'><b>addCustomer</b><br>Test class: unitTest.CustomerDAOTest<br>Parameters: Nguy?n Minh Châu, loosepuss, 123456, false, 0987654321, 6a Wall Street, true</td>
<td></td>
<td>0</td>
<td>unitTest.CustomerDAOTest@2f217633</td></tr>
<tr>
<td title='unitTest.CustomerDAOTest.addCustomer()'><b>addCustomer</b><br>Test class: unitTest.CustomerDAOTest<br>Parameters: Nguy?n Minh Châu, loosepuss, 123456, true, 0987654321, 6a Wall Street, true</td>
<td></td>
<td>0</td>
<td>unitTest.CustomerDAOTest@543588e6</td></tr>
<tr>
<td title='unitTest.CustomerDAOTest.addCustomer()'><b>addCustomer</b><br>Test class: unitTest.CustomerDAOTest<br>Parameters: Nguy?n Minh Châu, loosepuss, 123456, false, 0987654321, 6a Wall Street, true</td>
<td></td>
<td>0</td>
<td>unitTest.CustomerDAOTest@290222c1</td></tr>
<tr>
<td title='unitTest.CustomerDAOTest.addCustomer()'><b>addCustomer</b><br>Test class: unitTest.CustomerDAOTest<br>Parameters: Nguy?n Minh Châu, loosepuss, 123456, false, 09876543211, 6a Wall Street, true</td>
<td></td>
<td>0</td>
<td>unitTest.CustomerDAOTest@26e356f0</td></tr>
<tr>
<td title='unitTest.CustomerDAOTest.addCustomer()'><b>addCustomer</b><br>Test class: unitTest.CustomerDAOTest<br>Parameters: Nguy?n Minh Châu, loosepuss, 123456, false, 098765432112, 6a Wall Street, false</td>
<td></td>
<td>0</td>
<td>unitTest.CustomerDAOTest@29215f06</td></tr>
<tr>
<td title='unitTest.CustomerDAOTest.addCustomer()'><b>addCustomer</b><br>Test class: unitTest.CustomerDAOTest<br>Parameters: Nguy?n Minh Châu, loosepuss, 123456, false, 0987654321, null, true</td>
<td></td>
<td>0</td>
<td>unitTest.CustomerDAOTest@7db12bb6</td></tr>
<tr>
<td title='unitTest.CustomerDAOTest.addCustomer()'><b>addCustomer</b><br>Test class: unitTest.CustomerDAOTest<br>Parameters: Nguy?n Minh Châu, loosepuss, 123456, false, 0987654321, a, true</td>
<td></td>
<td>0</td>
<td>unitTest.CustomerDAOTest@60bd273d</td></tr>
<tr>
<td title='unitTest.CustomerDAOTest.addCustomer()'><b>addCustomer</b><br>Test class: unitTest.CustomerDAOTest<br>Parameters: Nguy?n Minh Châu, loosepuss, 123456, false, 0987654321, ab, true</td>
<td></td>
<td>0</td>
<td>unitTest.CustomerDAOTest@52719fb6</td></tr>
<tr>
<td title='unitTest.CustomerDAOTest.addCustomer()'><b>addCustomer</b><br>Test class: unitTest.CustomerDAOTest<br>Parameters: Nguy?n Minh Châu, loosepuss, 123456, false, 0987654321, NqwertyuIopsadfghjklzxcvbnmqwertyuIopaddsdfghjklzxcNqwertyuIopsadfghjklzxcvbnmqwertyuIopaddsdfghjkl, true</td>
<td></td>
<td>0</td>
<td>unitTest.CustomerDAOTest@791f145a</td></tr>
<tr>
<td title='unitTest.CustomerDAOTest.addCustomer()'><b>addCustomer</b><br>Test class: unitTest.CustomerDAOTest<br>Parameters: Nguy?n Minh Châu, loosepuss, 123456, false, 0987654321, NqwertyuIopsadfghjklzxcvbnmqwertyuIopaddsdfghjklzxcNqwertyuIopsadfghjklzxcvbnmqwertyuIopaddsdfghjklz, true</td>
<td></td>
<td>0</td>
<td>unitTest.CustomerDAOTest@60099951</td></tr>
<tr>
<td title='unitTest.CustomerDAOTest.addCustomer()'><b>addCustomer</b><br>Test class: unitTest.CustomerDAOTest<br>Parameters: Nguy?n Minh Châu, loosepuss, 123456, false, 0987654321, NqwertyuIopsadfghjklzxcvbnmqwertyuIopaddsdfghjklzxcNqwertyuIopsadfghjklzxcvbnmqwertyuIopaddsdfghjklzx, false</td>
<td></td>
<td>0</td>
<td>unitTest.CustomerDAOTest@5ab956d7</td></tr>
<tr>
<td title='unitTest.CustomerDAOTest.addCustomer()'><b>addCustomer</b><br>Test class: unitTest.CustomerDAOTest<br>Parameters: Nguy?n Minh Châu, null, null, true, null, null, false</td>
<td></td>
<td>0</td>
<td>unitTest.CustomerDAOTest@7526515b</td></tr>
<tr>
<td title='unitTest.CustomerDAOTest.addCustomer()'><b>addCustomer</b><br>Test class: unitTest.CustomerDAOTest<br>Parameters: null, loosepuss, null, true, null, null, false</td>
<td></td>
<td>0</td>
<td>unitTest.CustomerDAOTest@78e4deb0</td></tr>
<tr>
<td title='unitTest.CustomerDAOTest.addCustomer()'><b>addCustomer</b><br>Test class: unitTest.CustomerDAOTest<br>Parameters: null, null, 123456, true, null, null, false</td>
<td></td>
<td>0</td>
<td>unitTest.CustomerDAOTest@17f62e33</td></tr>
<tr>
<td title='unitTest.CustomerDAOTest.addCustomer()'><b>addCustomer</b><br>Test class: unitTest.CustomerDAOTest<br>Parameters: null, null, null, false, null, null, false</td>
<td></td>
<td>0</td>
<td>unitTest.CustomerDAOTest@3b0fe47a</td></tr>
<tr>
<td title='unitTest.CustomerDAOTest.addCustomer()'><b>addCustomer</b><br>Test class: unitTest.CustomerDAOTest<br>Parameters: null, null, null, true, 0987654321, null, false</td>
<td></td>
<td>0</td>
<td>unitTest.CustomerDAOTest@53045c6c</td></tr>
<tr>
<td title='unitTest.CustomerDAOTest.addCustomer()'><b>addCustomer</b><br>Test class: unitTest.CustomerDAOTest<br>Parameters: null, null, null, true, null, 6A Broadway, false</td>
<td></td>
<td>0</td>
<td>unitTest.CustomerDAOTest@350aac89</td></tr>
<tr>
<td title='unitTest.CustomerDAOTest.addCustomer()'><b>addCustomer</b><br>Test class: unitTest.CustomerDAOTest<br>Parameters: null, loosepuss, 123456, false, 0987654321, 6A Broadway, false</td>
<td></td>
<td>0</td>
<td>unitTest.CustomerDAOTest@35dab4eb</td></tr>
<tr>
<td title='unitTest.CustomerDAOTest.addCustomer()'><b>addCustomer</b><br>Test class: unitTest.CustomerDAOTest<br>Parameters: Nguy?n Minh Châu, null, 123456, false, 0987654321, 6A Broadway, false</td>
<td></td>
<td>0</td>
<td>unitTest.CustomerDAOTest@7a35b0f5</td></tr>
<tr>
<td title='unitTest.CustomerDAOTest.addCustomer()'><b>addCustomer</b><br>Test class: unitTest.CustomerDAOTest<br>Parameters: Nguy?n Minh Châu, loosepuss, null, false, 0987654321, 6A Broadway, false</td>
<td></td>
<td>0</td>
<td>unitTest.CustomerDAOTest@48bb62</td></tr>
<tr>
<td title='unitTest.CustomerDAOTest.addCustomer()'><b>addCustomer</b><br>Test class: unitTest.CustomerDAOTest<br>Parameters: Nguy?n Minh Châu, loosepuss, 123456, true, 0987654321, 6A Broadway, true</td>
<td></td>
<td>0</td>
<td>unitTest.CustomerDAOTest@1750fbeb</td></tr>
<tr>
<td title='unitTest.CustomerDAOTest.addCustomer()'><b>addCustomer</b><br>Test class: unitTest.CustomerDAOTest<br>Parameters: Nguy?n Minh Châu, loosepuss, 123456, false, null, 6A Broadway, true</td>
<td></td>
<td>0</td>
<td>unitTest.CustomerDAOTest@451001e5</td></tr>
<tr>
<td title='unitTest.CustomerDAOTest.addCustomer()'><b>addCustomer</b><br>Test class: unitTest.CustomerDAOTest<br>Parameters: Nguy?n Minh Châu, loosepuss, 123456, false, 0987654321, null, true</td>
<td></td>
<td>0</td>
<td>unitTest.CustomerDAOTest@1033576a</td></tr>
<tr>
<td title='unitTest.CustomerDAOTest.addCustomer()'><b>addCustomer</b><br>Test class: unitTest.CustomerDAOTest<br>Parameters: Nguy?n Minh Châu, loosepuss, 123456, true, null, null, true</td>
<td></td>
<td>0</td>
<td>unitTest.CustomerDAOTest@73eb439a</td></tr>
<tr>
<td title='unitTest.CustomerDAOTest.addCustomer()'><b>addCustomer</b><br>Test class: unitTest.CustomerDAOTest<br>Parameters: null, null, null, false, 0987654321, 6A Broadway, false</td>
<td></td>
<td>0</td>
<td>unitTest.CustomerDAOTest@7fd50002</td></tr>
<tr>
<td title='unitTest.CustomerDAOTest.addCustomer()'><b>addCustomer</b><br>Test class: unitTest.CustomerDAOTest<br>Parameters: Nguy?n Minh Châu, loosepuss, null, true, null, 6A Broadway, false</td>
<td></td>
<td>0</td>
<td>unitTest.CustomerDAOTest@72bc6553</td></tr>
</table><p>
</body>
</html>