<html>
<head>
<title>TestNG:  Add_38</title>
<link href="../testng.css" rel="stylesheet" type="text/css" />
<link href="../my-testng.css" rel="stylesheet" type="text/css" />

<style type="text/css">
.log { display: none;} 
.stack-trace { display: none;} 
</style>
<script type="text/javascript">
<!--
function flip(e) {
  current = e.style.display;
  if (current == 'block') {
    e.style.display = 'none';
    return 0;
  }
  else {
    e.style.display = 'block';
    return 1;
  }
}

function toggleBox(szDivId, elem, msg1, msg2)
{
  var res = -1;  if (document.getElementById) {
    res = flip(document.getElementById(szDivId));
  }
  else if (document.all) {
    // this is the way old msie versions work
    res = flip(document.all[szDivId]);
  }
  if(elem) {
    if(res == 0) elem.innerHTML = msg1; else elem.innerHTML = msg2;
  }

}

function toggleAllBoxes() {
  if (document.getElementsByTagName) {
    d = document.getElementsByTagName('div');
    for (i = 0; i < d.length; i++) {
      if (d[i].className == 'log') {
        flip(d[i]);
      }
    }
  }
}

// -->
</script>

</head>
<body>
<h2 align='center'>Add_38</h2><table border='1' align="center">
<tr>
<td>Tests passed/Failed/Skipped:</td><td>1/0/0</td>
</tr><tr>
<td>Started on:</td><td>Thu Apr 09 17:01:37 ICT 2020</td>
</tr>
<tr><td>Total time:</td><td>0 seconds (17 ms)</td>
</tr><tr>
<td>Included groups:</td><td></td>
</tr><tr>
<td>Excluded groups:</td><td></td>
</tr>
</table><p/>
<small><i>(Hover the method name to see the test class name)</i></small><p/>
<table width='100%' border='1' class='invocation-failed'>
<tr><td colspan='4' align='center'><b>FAILED TESTS</b></td></tr>
<tr><td><b>Test method</b></td>
<td width="30%"><b>Exception</b></td>
<td width="10%"><b>Time (seconds)</b></td>
<td><b>Instance</b></td>
</tr>
<tr>
<td title='unitTest.ProductDAOTest.addProduct()'><b>addProduct</b><br>Test class: unitTest.ProductDAOTest<br>Parameters: zxcvb, 0, true, nbvc.jpg, false</td>
<td><div><pre>java.lang.AssertionError: expected [false] but found [true]
	at unitTest.ProductDAOTest.addProduct(ProductDAOTest.java:61)
	at org.springframework.test.context.testng.AbstractTestNGSpringContextTests.run(AbstractTestNGSpringContextTests.java:180)
	at java.util.ArrayList.forEach(Unknown Source)
... Removed 33 stack frames</pre></div><a href='#' onClick='toggleBox("stack-trace536167075", this, "Click to show all stack frames", "Click to hide stack frames")'>Click to show all stack frames</a>
<div class='stack-trace' id='stack-trace536167075'><pre>java.lang.AssertionError: expected [false] but found [true]
	at org.testng.Assert.fail(Assert.java:97)
	at org.testng.Assert.assertEqualsImpl(Assert.java:136)
	at org.testng.Assert.assertEquals(Assert.java:118)
	at org.testng.Assert.assertEquals(Assert.java:563)
	at unitTest.ProductDAOTest.addProduct(ProductDAOTest.java:61)
	at sun.reflect.NativeMethodAccessorImpl.invoke0(Native Method)
	at sun.reflect.NativeMethodAccessorImpl.invoke(Unknown Source)
	at sun.reflect.DelegatingMethodAccessorImpl.invoke(Unknown Source)
	at java.lang.reflect.Method.invoke(Unknown Source)
	at org.testng.internal.MethodInvocationHelper.invokeMethod(MethodInvocationHelper.java:133)
	at org.testng.internal.MethodInvocationHelper$1.runTestMethod(MethodInvocationHelper.java:239)
	at org.springframework.test.context.testng.AbstractTestNGSpringContextTests.run(AbstractTestNGSpringContextTests.java:180)
	at org.testng.internal.MethodInvocationHelper.invokeHookable(MethodInvocationHelper.java:251)
	at org.testng.internal.TestInvoker.invokeMethod(TestInvoker.java:580)
	at org.testng.internal.TestInvoker.invokeTestMethod(TestInvoker.java:172)
	at org.testng.internal.MethodRunner.runInSequence(MethodRunner.java:46)
	at org.testng.internal.TestInvoker$MethodInvocationAgent.invoke(TestInvoker.java:804)
	at org.testng.internal.TestInvoker.invokeTestMethods(TestInvoker.java:145)
	at org.testng.internal.TestMethodWorker.invokeTestMethods(TestMethodWorker.java:146)
	at org.testng.internal.TestMethodWorker.run(TestMethodWorker.java:128)
	at java.util.ArrayList.forEach(Unknown Source)
	at org.testng.TestRunner.privateRun(TestRunner.java:770)
	at org.testng.TestRunner.run(TestRunner.java:591)
	at org.testng.SuiteRunner.runTest(SuiteRunner.java:402)
	at org.testng.SuiteRunner.runSequentially(SuiteRunner.java:396)
	at org.testng.SuiteRunner.privateRun(SuiteRunner.java:355)
	at org.testng.SuiteRunner.run(SuiteRunner.java:304)
	at org.testng.SuiteRunnerWorker.runSuite(SuiteRunnerWorker.java:53)
	at org.testng.SuiteRunnerWorker.run(SuiteRunnerWorker.java:96)
	at org.testng.TestNG.runSuitesSequentially(TestNG.java:1180)
	at org.testng.TestNG.runSuitesLocally(TestNG.java:1102)
	at org.testng.TestNG.runSuites(TestNG.java:1032)
	at org.testng.TestNG.run(TestNG.java:1000)
	at org.testng.remote.AbstractRemoteTestNG.run(AbstractRemoteTestNG.java:115)
	at org.testng.remote.RemoteTestNG.initAndRun(RemoteTestNG.java:251)
	at org.testng.remote.RemoteTestNG.main(RemoteTestNG.java:77)
</pre></div></td>
<td>0</td>
<td>unitTest.ProductDAOTest@1613674b</td></tr>
<tr>
<td title='unitTest.ProductDAOTest.addProduct()'><b>addProduct</b><br>Test class: unitTest.ProductDAOTest<br>Parameters: qwertyuiopasdfghjklzxcvbnmqwertyuiopasdfdd, 12000, true, Asus.jpg, false</td>
<td><div><pre>java.lang.AssertionError: expected [false] but found [true]
	at unitTest.ProductDAOTest.addProduct(ProductDAOTest.java:61)
	at org.springframework.test.context.testng.AbstractTestNGSpringContextTests.run(AbstractTestNGSpringContextTests.java:180)
	at java.util.ArrayList.forEach(Unknown Source)
... Removed 32 stack frames</pre></div><a href='#' onClick='toggleBox("stack-trace1903379555", this, "Click to show all stack frames", "Click to hide stack frames")'>Click to show all stack frames</a>
<div class='stack-trace' id='stack-trace1903379555'><pre>java.lang.AssertionError: expected [false] but found [true]
	at org.testng.Assert.fail(Assert.java:97)
	at org.testng.Assert.assertEqualsImpl(Assert.java:136)
	at org.testng.Assert.assertEquals(Assert.java:118)
	at org.testng.Assert.assertEquals(Assert.java:563)
	at unitTest.ProductDAOTest.addProduct(ProductDAOTest.java:61)
	at sun.reflect.GeneratedMethodAccessor83.invoke(Unknown Source)
	at sun.reflect.DelegatingMethodAccessorImpl.invoke(Unknown Source)
	at java.lang.reflect.Method.invoke(Unknown Source)
	at org.testng.internal.MethodInvocationHelper.invokeMethod(MethodInvocationHelper.java:133)
	at org.testng.internal.MethodInvocationHelper$1.runTestMethod(MethodInvocationHelper.java:239)
	at org.springframework.test.context.testng.AbstractTestNGSpringContextTests.run(AbstractTestNGSpringContextTests.java:180)
	at org.testng.internal.MethodInvocationHelper.invokeHookable(MethodInvocationHelper.java:251)
	at org.testng.internal.TestInvoker.invokeMethod(TestInvoker.java:580)
	at org.testng.internal.TestInvoker.invokeTestMethod(TestInvoker.java:172)
	at org.testng.internal.MethodRunner.runInSequence(MethodRunner.java:46)
	at org.testng.internal.TestInvoker$MethodInvocationAgent.invoke(TestInvoker.java:804)
	at org.testng.internal.TestInvoker.invokeTestMethods(TestInvoker.java:145)
	at org.testng.internal.TestMethodWorker.invokeTestMethods(TestMethodWorker.java:146)
	at org.testng.internal.TestMethodWorker.run(TestMethodWorker.java:128)
	at java.util.ArrayList.forEach(Unknown Source)
	at org.testng.TestRunner.privateRun(TestRunner.java:770)
	at org.testng.TestRunner.run(TestRunner.java:591)
	at org.testng.SuiteRunner.runTest(SuiteRunner.java:402)
	at org.testng.SuiteRunner.runSequentially(SuiteRunner.java:396)
	at org.testng.SuiteRunner.privateRun(SuiteRunner.java:355)
	at org.testng.SuiteRunner.run(SuiteRunner.java:304)
	at org.testng.SuiteRunnerWorker.runSuite(SuiteRunnerWorker.java:53)
	at org.testng.SuiteRunnerWorker.run(SuiteRunnerWorker.java:96)
	at org.testng.TestNG.runSuitesSequentially(TestNG.java:1180)
	at org.testng.TestNG.runSuitesLocally(TestNG.java:1102)
	at org.testng.TestNG.runSuites(TestNG.java:1032)
	at org.testng.TestNG.run(TestNG.java:1000)
	at org.testng.remote.AbstractRemoteTestNG.run(AbstractRemoteTestNG.java:115)
	at org.testng.remote.RemoteTestNG.initAndRun(RemoteTestNG.java:251)
	at org.testng.remote.RemoteTestNG.main(RemoteTestNG.java:77)
</pre></div></td>
<td>0</td>
<td>unitTest.ProductDAOTest@66d3eec0</td></tr>
<tr>
<td title='unitTest.ProductDAOTest.addProduct()'><b>addProduct</b><br>Test class: unitTest.ProductDAOTest</td>
<td><div><pre>org.testng.TestNGException: 
Conversion issue on parameter: gia
	at java.util.ArrayList.forEach(Unknown Source)
Caused by: java.lang.NumberFormatException: For input string: &quot;12000d&quot;
	at java.lang.NumberFormatException.forInputString(Unknown Source)
	at java.lang.Integer.parseInt(Unknown Source)
	at java.lang.Integer.valueOf(Unknown Source)
	... 27 more
... Removed 28 stack frames</pre></div><a href='#' onClick='toggleBox("stack-trace1314050802", this, "Click to show all stack frames", "Click to hide stack frames")'>Click to show all stack frames</a>
<div class='stack-trace' id='stack-trace1314050802'><pre>org.testng.TestNGException: 
Conversion issue on parameter: gia
	at org.testng.internal.Parameters.convertType(Parameters.java:552)
	at org.testng.internal.Parameters.createParams(Parameters.java:292)
	at org.testng.internal.Parameters.createParametersForMethod(Parameters.java:377)
	at org.testng.internal.Parameters.createParameters(Parameters.java:721)
	at org.testng.internal.Parameters.handleParameters(Parameters.java:895)
	at org.testng.internal.Parameters.handleParameters(Parameters.java:762)
	at org.testng.internal.ParameterHandler.handleParameters(ParameterHandler.java:60)
	at org.testng.internal.ParameterHandler.createParameters(ParameterHandler.java:39)
	at org.testng.internal.TestInvoker$MethodInvocationAgent.invoke(TestInvoker.java:771)
	at org.testng.internal.TestInvoker.invokeTestMethods(TestInvoker.java:145)
	at org.testng.internal.TestMethodWorker.invokeTestMethods(TestMethodWorker.java:146)
	at org.testng.internal.TestMethodWorker.run(TestMethodWorker.java:128)
	at java.util.ArrayList.forEach(Unknown Source)
	at org.testng.TestRunner.privateRun(TestRunner.java:770)
	at org.testng.TestRunner.run(TestRunner.java:591)
	at org.testng.SuiteRunner.runTest(SuiteRunner.java:402)
	at org.testng.SuiteRunner.runSequentially(SuiteRunner.java:396)
	at org.testng.SuiteRunner.privateRun(SuiteRunner.java:355)
	at org.testng.SuiteRunner.run(SuiteRunner.java:304)
	at org.testng.SuiteRunnerWorker.runSuite(SuiteRunnerWorker.java:53)
	at org.testng.SuiteRunnerWorker.run(SuiteRunnerWorker.java:96)
	at org.testng.TestNG.runSuitesSequentially(TestNG.java:1180)
	at org.testng.TestNG.runSuitesLocally(TestNG.java:1102)
	at org.testng.TestNG.runSuites(TestNG.java:1032)
	at org.testng.TestNG.run(TestNG.java:1000)
	at org.testng.remote.AbstractRemoteTestNG.run(AbstractRemoteTestNG.java:115)
	at org.testng.remote.RemoteTestNG.initAndRun(RemoteTestNG.java:251)
	at org.testng.remote.RemoteTestNG.main(RemoteTestNG.java:77)
Caused by: java.lang.NumberFormatException: For input string: &quot;12000d&quot;
	at java.lang.NumberFormatException.forInputString(Unknown Source)
	at java.lang.Integer.parseInt(Unknown Source)
	at java.lang.Integer.valueOf(Unknown Source)
	at org.testng.internal.Parameters.convertType(Parameters.java:525)
	... 27 more
</pre></div></td>
<td>0</td>
<td>unitTest.ProductDAOTest@7bd4937b</td></tr>
<tr>
<td title='unitTest.ProductDAOTest.addProduct()'><b>addProduct</b><br>Test class: unitTest.ProductDAOTest<br>Parameters: zczxc, -12000, true, Asus.jpg, false</td>
<td><div><pre>java.lang.AssertionError: expected [false] but found [true]
	at unitTest.ProductDAOTest.addProduct(ProductDAOTest.java:61)
	at org.springframework.test.context.testng.AbstractTestNGSpringContextTests.run(AbstractTestNGSpringContextTests.java:180)
	at java.util.ArrayList.forEach(Unknown Source)
... Removed 32 stack frames</pre></div><a href='#' onClick='toggleBox("stack-trace1831711067", this, "Click to show all stack frames", "Click to hide stack frames")'>Click to show all stack frames</a>
<div class='stack-trace' id='stack-trace1831711067'><pre>java.lang.AssertionError: expected [false] but found [true]
	at org.testng.Assert.fail(Assert.java:97)
	at org.testng.Assert.assertEqualsImpl(Assert.java:136)
	at org.testng.Assert.assertEquals(Assert.java:118)
	at org.testng.Assert.assertEquals(Assert.java:563)
	at unitTest.ProductDAOTest.addProduct(ProductDAOTest.java:61)
	at sun.reflect.GeneratedMethodAccessor83.invoke(Unknown Source)
	at sun.reflect.DelegatingMethodAccessorImpl.invoke(Unknown Source)
	at java.lang.reflect.Method.invoke(Unknown Source)
	at org.testng.internal.MethodInvocationHelper.invokeMethod(MethodInvocationHelper.java:133)
	at org.testng.internal.MethodInvocationHelper$1.runTestMethod(MethodInvocationHelper.java:239)
	at org.springframework.test.context.testng.AbstractTestNGSpringContextTests.run(AbstractTestNGSpringContextTests.java:180)
	at org.testng.internal.MethodInvocationHelper.invokeHookable(MethodInvocationHelper.java:251)
	at org.testng.internal.TestInvoker.invokeMethod(TestInvoker.java:580)
	at org.testng.internal.TestInvoker.invokeTestMethod(TestInvoker.java:172)
	at org.testng.internal.MethodRunner.runInSequence(MethodRunner.java:46)
	at org.testng.internal.TestInvoker$MethodInvocationAgent.invoke(TestInvoker.java:804)
	at org.testng.internal.TestInvoker.invokeTestMethods(TestInvoker.java:145)
	at org.testng.internal.TestMethodWorker.invokeTestMethods(TestMethodWorker.java:146)
	at org.testng.internal.TestMethodWorker.run(TestMethodWorker.java:128)
	at java.util.ArrayList.forEach(Unknown Source)
	at org.testng.TestRunner.privateRun(TestRunner.java:770)
	at org.testng.TestRunner.run(TestRunner.java:591)
	at org.testng.SuiteRunner.runTest(SuiteRunner.java:402)
	at org.testng.SuiteRunner.runSequentially(SuiteRunner.java:396)
	at org.testng.SuiteRunner.privateRun(SuiteRunner.java:355)
	at org.testng.SuiteRunner.run(SuiteRunner.java:304)
	at org.testng.SuiteRunnerWorker.runSuite(SuiteRunnerWorker.java:53)
	at org.testng.SuiteRunnerWorker.run(SuiteRunnerWorker.java:96)
	at org.testng.TestNG.runSuitesSequentially(TestNG.java:1180)
	at org.testng.TestNG.runSuitesLocally(TestNG.java:1102)
	at org.testng.TestNG.runSuites(TestNG.java:1032)
	at org.testng.TestNG.run(TestNG.java:1000)
	at org.testng.remote.AbstractRemoteTestNG.run(AbstractRemoteTestNG.java:115)
	at org.testng.remote.RemoteTestNG.initAndRun(RemoteTestNG.java:251)
	at org.testng.remote.RemoteTestNG.main(RemoteTestNG.java:77)
</pre></div></td>
<td>0</td>
<td>unitTest.ProductDAOTest@1b2abca6</td></tr>
<tr>
<td title='unitTest.ProductDAOTest.addProduct()'><b>addProduct</b><br>Test class: unitTest.ProductDAOTest</td>
<td><div><pre>org.testng.TestNGException: 
Conversion issue on parameter: gia
	at java.util.ArrayList.forEach(Unknown Source)
Caused by: java.lang.NumberFormatException: For input string: &quot;12.009&quot;
	at java.lang.NumberFormatException.forInputString(Unknown Source)
	at java.lang.Integer.parseInt(Unknown Source)
	at java.lang.Integer.valueOf(Unknown Source)
	... 27 more
... Removed 28 stack frames</pre></div><a href='#' onClick='toggleBox("stack-trace361656258", this, "Click to show all stack frames", "Click to hide stack frames")'>Click to show all stack frames</a>
<div class='stack-trace' id='stack-trace361656258'><pre>org.testng.TestNGException: 
Conversion issue on parameter: gia
	at org.testng.internal.Parameters.convertType(Parameters.java:552)
	at org.testng.internal.Parameters.createParams(Parameters.java:292)
	at org.testng.internal.Parameters.createParametersForMethod(Parameters.java:377)
	at org.testng.internal.Parameters.createParameters(Parameters.java:721)
	at org.testng.internal.Parameters.handleParameters(Parameters.java:895)
	at org.testng.internal.Parameters.handleParameters(Parameters.java:762)
	at org.testng.internal.ParameterHandler.handleParameters(ParameterHandler.java:60)
	at org.testng.internal.ParameterHandler.createParameters(ParameterHandler.java:39)
	at org.testng.internal.TestInvoker$MethodInvocationAgent.invoke(TestInvoker.java:771)
	at org.testng.internal.TestInvoker.invokeTestMethods(TestInvoker.java:145)
	at org.testng.internal.TestMethodWorker.invokeTestMethods(TestMethodWorker.java:146)
	at org.testng.internal.TestMethodWorker.run(TestMethodWorker.java:128)
	at java.util.ArrayList.forEach(Unknown Source)
	at org.testng.TestRunner.privateRun(TestRunner.java:770)
	at org.testng.TestRunner.run(TestRunner.java:591)
	at org.testng.SuiteRunner.runTest(SuiteRunner.java:402)
	at org.testng.SuiteRunner.runSequentially(SuiteRunner.java:396)
	at org.testng.SuiteRunner.privateRun(SuiteRunner.java:355)
	at org.testng.SuiteRunner.run(SuiteRunner.java:304)
	at org.testng.SuiteRunnerWorker.runSuite(SuiteRunnerWorker.java:53)
	at org.testng.SuiteRunnerWorker.run(SuiteRunnerWorker.java:96)
	at org.testng.TestNG.runSuitesSequentially(TestNG.java:1180)
	at org.testng.TestNG.runSuitesLocally(TestNG.java:1102)
	at org.testng.TestNG.runSuites(TestNG.java:1032)
	at org.testng.TestNG.run(TestNG.java:1000)
	at org.testng.remote.AbstractRemoteTestNG.run(AbstractRemoteTestNG.java:115)
	at org.testng.remote.RemoteTestNG.initAndRun(RemoteTestNG.java:251)
	at org.testng.remote.RemoteTestNG.main(RemoteTestNG.java:77)
Caused by: java.lang.NumberFormatException: For input string: &quot;12.009&quot;
	at java.lang.NumberFormatException.forInputString(Unknown Source)
	at java.lang.Integer.parseInt(Unknown Source)
	at java.lang.Integer.valueOf(Unknown Source)
	at org.testng.internal.Parameters.convertType(Parameters.java:525)
	... 27 more
</pre></div></td>
<td>0</td>
<td>unitTest.ProductDAOTest@7c711375</td></tr>
<tr>
<td title='unitTest.ProductDAOTest.addProduct()'><b>addProduct</b><br>Test class: unitTest.ProductDAOTest<br>Parameters: zczxc, 999, true, Asus.jpg, false</td>
<td><div><pre>java.lang.AssertionError: expected [false] but found [true]
	at unitTest.ProductDAOTest.addProduct(ProductDAOTest.java:61)
	at org.springframework.test.context.testng.AbstractTestNGSpringContextTests.run(AbstractTestNGSpringContextTests.java:180)
	at java.util.ArrayList.forEach(Unknown Source)
... Removed 32 stack frames</pre></div><a href='#' onClick='toggleBox("stack-trace554515010", this, "Click to show all stack frames", "Click to hide stack frames")'>Click to show all stack frames</a>
<div class='stack-trace' id='stack-trace554515010'><pre>java.lang.AssertionError: expected [false] but found [true]
	at org.testng.Assert.fail(Assert.java:97)
	at org.testng.Assert.assertEqualsImpl(Assert.java:136)
	at org.testng.Assert.assertEquals(Assert.java:118)
	at org.testng.Assert.assertEquals(Assert.java:563)
	at unitTest.ProductDAOTest.addProduct(ProductDAOTest.java:61)
	at sun.reflect.GeneratedMethodAccessor83.invoke(Unknown Source)
	at sun.reflect.DelegatingMethodAccessorImpl.invoke(Unknown Source)
	at java.lang.reflect.Method.invoke(Unknown Source)
	at org.testng.internal.MethodInvocationHelper.invokeMethod(MethodInvocationHelper.java:133)
	at org.testng.internal.MethodInvocationHelper$1.runTestMethod(MethodInvocationHelper.java:239)
	at org.springframework.test.context.testng.AbstractTestNGSpringContextTests.run(AbstractTestNGSpringContextTests.java:180)
	at org.testng.internal.MethodInvocationHelper.invokeHookable(MethodInvocationHelper.java:251)
	at org.testng.internal.TestInvoker.invokeMethod(TestInvoker.java:580)
	at org.testng.internal.TestInvoker.invokeTestMethod(TestInvoker.java:172)
	at org.testng.internal.MethodRunner.runInSequence(MethodRunner.java:46)
	at org.testng.internal.TestInvoker$MethodInvocationAgent.invoke(TestInvoker.java:804)
	at org.testng.internal.TestInvoker.invokeTestMethods(TestInvoker.java:145)
	at org.testng.internal.TestMethodWorker.invokeTestMethods(TestMethodWorker.java:146)
	at org.testng.internal.TestMethodWorker.run(TestMethodWorker.java:128)
	at java.util.ArrayList.forEach(Unknown Source)
	at org.testng.TestRunner.privateRun(TestRunner.java:770)
	at org.testng.TestRunner.run(TestRunner.java:591)
	at org.testng.SuiteRunner.runTest(SuiteRunner.java:402)
	at org.testng.SuiteRunner.runSequentially(SuiteRunner.java:396)
	at org.testng.SuiteRunner.privateRun(SuiteRunner.java:355)
	at org.testng.SuiteRunner.run(SuiteRunner.java:304)
	at org.testng.SuiteRunnerWorker.runSuite(SuiteRunnerWorker.java:53)
	at org.testng.SuiteRunnerWorker.run(SuiteRunnerWorker.java:96)
	at org.testng.TestNG.runSuitesSequentially(TestNG.java:1180)
	at org.testng.TestNG.runSuitesLocally(TestNG.java:1102)
	at org.testng.TestNG.runSuites(TestNG.java:1032)
	at org.testng.TestNG.run(TestNG.java:1000)
	at org.testng.remote.AbstractRemoteTestNG.run(AbstractRemoteTestNG.java:115)
	at org.testng.remote.RemoteTestNG.initAndRun(RemoteTestNG.java:251)
	at org.testng.remote.RemoteTestNG.main(RemoteTestNG.java:77)
</pre></div></td>
<td>0</td>
<td>unitTest.ProductDAOTest@f0da945</td></tr>
<tr>
<td title='unitTest.ProductDAOTest.addProduct()'><b>addProduct</b><br>Test class: unitTest.ProductDAOTest<br>Parameters: zczxc, 1000000, true, Asus.jpg, false</td>
<td><div><pre>java.lang.AssertionError: expected [false] but found [true]
	at unitTest.ProductDAOTest.addProduct(ProductDAOTest.java:61)
	at org.springframework.test.context.testng.AbstractTestNGSpringContextTests.run(AbstractTestNGSpringContextTests.java:180)
	at java.util.ArrayList.forEach(Unknown Source)
... Removed 32 stack frames</pre></div><a href='#' onClick='toggleBox("stack-trace1373146168", this, "Click to show all stack frames", "Click to hide stack frames")'>Click to show all stack frames</a>
<div class='stack-trace' id='stack-trace1373146168'><pre>java.lang.AssertionError: expected [false] but found [true]
	at org.testng.Assert.fail(Assert.java:97)
	at org.testng.Assert.assertEqualsImpl(Assert.java:136)
	at org.testng.Assert.assertEquals(Assert.java:118)
	at org.testng.Assert.assertEquals(Assert.java:563)
	at unitTest.ProductDAOTest.addProduct(ProductDAOTest.java:61)
	at sun.reflect.GeneratedMethodAccessor83.invoke(Unknown Source)
	at sun.reflect.DelegatingMethodAccessorImpl.invoke(Unknown Source)
	at java.lang.reflect.Method.invoke(Unknown Source)
	at org.testng.internal.MethodInvocationHelper.invokeMethod(MethodInvocationHelper.java:133)
	at org.testng.internal.MethodInvocationHelper$1.runTestMethod(MethodInvocationHelper.java:239)
	at org.springframework.test.context.testng.AbstractTestNGSpringContextTests.run(AbstractTestNGSpringContextTests.java:180)
	at org.testng.internal.MethodInvocationHelper.invokeHookable(MethodInvocationHelper.java:251)
	at org.testng.internal.TestInvoker.invokeMethod(TestInvoker.java:580)
	at org.testng.internal.TestInvoker.invokeTestMethod(TestInvoker.java:172)
	at org.testng.internal.MethodRunner.runInSequence(MethodRunner.java:46)
	at org.testng.internal.TestInvoker$MethodInvocationAgent.invoke(TestInvoker.java:804)
	at org.testng.internal.TestInvoker.invokeTestMethods(TestInvoker.java:145)
	at org.testng.internal.TestMethodWorker.invokeTestMethods(TestMethodWorker.java:146)
	at org.testng.internal.TestMethodWorker.run(TestMethodWorker.java:128)
	at java.util.ArrayList.forEach(Unknown Source)
	at org.testng.TestRunner.privateRun(TestRunner.java:770)
	at org.testng.TestRunner.run(TestRunner.java:591)
	at org.testng.SuiteRunner.runTest(SuiteRunner.java:402)
	at org.testng.SuiteRunner.runSequentially(SuiteRunner.java:396)
	at org.testng.SuiteRunner.privateRun(SuiteRunner.java:355)
	at org.testng.SuiteRunner.run(SuiteRunner.java:304)
	at org.testng.SuiteRunnerWorker.runSuite(SuiteRunnerWorker.java:53)
	at org.testng.SuiteRunnerWorker.run(SuiteRunnerWorker.java:96)
	at org.testng.TestNG.runSuitesSequentially(TestNG.java:1180)
	at org.testng.TestNG.runSuitesLocally(TestNG.java:1102)
	at org.testng.TestNG.runSuites(TestNG.java:1032)
	at org.testng.TestNG.run(TestNG.java:1000)
	at org.testng.remote.AbstractRemoteTestNG.run(AbstractRemoteTestNG.java:115)
	at org.testng.remote.RemoteTestNG.initAndRun(RemoteTestNG.java:251)
	at org.testng.remote.RemoteTestNG.main(RemoteTestNG.java:77)
</pre></div></td>
<td>0</td>
<td>unitTest.ProductDAOTest@273e7444</td></tr>
<tr>
<td title='unitTest.ProductDAOTest.addProduct()'><b>addProduct</b><br>Test class: unitTest.ProductDAOTest<br>Parameters: zczxc, 12000, false, Asus.jpg, false</td>
<td><div><pre>java.lang.AssertionError: expected [false] but found [true]
	at unitTest.ProductDAOTest.addProduct(ProductDAOTest.java:61)
	at org.springframework.test.context.testng.AbstractTestNGSpringContextTests.run(AbstractTestNGSpringContextTests.java:180)
	at java.util.ArrayList.forEach(Unknown Source)
... Removed 32 stack frames</pre></div><a href='#' onClick='toggleBox("stack-trace1933551964", this, "Click to show all stack frames", "Click to hide stack frames")'>Click to show all stack frames</a>
<div class='stack-trace' id='stack-trace1933551964'><pre>java.lang.AssertionError: expected [false] but found [true]
	at org.testng.Assert.fail(Assert.java:97)
	at org.testng.Assert.assertEqualsImpl(Assert.java:136)
	at org.testng.Assert.assertEquals(Assert.java:118)
	at org.testng.Assert.assertEquals(Assert.java:563)
	at unitTest.ProductDAOTest.addProduct(ProductDAOTest.java:61)
	at sun.reflect.GeneratedMethodAccessor83.invoke(Unknown Source)
	at sun.reflect.DelegatingMethodAccessorImpl.invoke(Unknown Source)
	at java.lang.reflect.Method.invoke(Unknown Source)
	at org.testng.internal.MethodInvocationHelper.invokeMethod(MethodInvocationHelper.java:133)
	at org.testng.internal.MethodInvocationHelper$1.runTestMethod(MethodInvocationHelper.java:239)
	at org.springframework.test.context.testng.AbstractTestNGSpringContextTests.run(AbstractTestNGSpringContextTests.java:180)
	at org.testng.internal.MethodInvocationHelper.invokeHookable(MethodInvocationHelper.java:251)
	at org.testng.internal.TestInvoker.invokeMethod(TestInvoker.java:580)
	at org.testng.internal.TestInvoker.invokeTestMethod(TestInvoker.java:172)
	at org.testng.internal.MethodRunner.runInSequence(MethodRunner.java:46)
	at org.testng.internal.TestInvoker$MethodInvocationAgent.invoke(TestInvoker.java:804)
	at org.testng.internal.TestInvoker.invokeTestMethods(TestInvoker.java:145)
	at org.testng.internal.TestMethodWorker.invokeTestMethods(TestMethodWorker.java:146)
	at org.testng.internal.TestMethodWorker.run(TestMethodWorker.java:128)
	at java.util.ArrayList.forEach(Unknown Source)
	at org.testng.TestRunner.privateRun(TestRunner.java:770)
	at org.testng.TestRunner.run(TestRunner.java:591)
	at org.testng.SuiteRunner.runTest(SuiteRunner.java:402)
	at org.testng.SuiteRunner.runSequentially(SuiteRunner.java:396)
	at org.testng.SuiteRunner.privateRun(SuiteRunner.java:355)
	at org.testng.SuiteRunner.run(SuiteRunner.java:304)
	at org.testng.SuiteRunnerWorker.runSuite(SuiteRunnerWorker.java:53)
	at org.testng.SuiteRunnerWorker.run(SuiteRunnerWorker.java:96)
	at org.testng.TestNG.runSuitesSequentially(TestNG.java:1180)
	at org.testng.TestNG.runSuitesLocally(TestNG.java:1102)
	at org.testng.TestNG.runSuites(TestNG.java:1032)
	at org.testng.TestNG.run(TestNG.java:1000)
	at org.testng.remote.AbstractRemoteTestNG.run(AbstractRemoteTestNG.java:115)
	at org.testng.remote.RemoteTestNG.initAndRun(RemoteTestNG.java:251)
	at org.testng.remote.RemoteTestNG.main(RemoteTestNG.java:77)
</pre></div></td>
<td>0</td>
<td>unitTest.ProductDAOTest@4d154ccd</td></tr>
</table><p>
<table width='100%' border='1' class='invocation-passed'>
<tr><td colspan='4' align='center'><b>PASSED TESTS</b></td></tr>
<tr><td><b>Test method</b></td>
<td width="30%"><b>Exception</b></td>
<td width="10%"><b>Time (seconds)</b></td>
<td><b>Instance</b></td>
</tr>
<tr>
<td title='unitTest.ProductDAOTest.addProduct()'><b>addProduct</b><br>Test class: unitTest.ProductDAOTest<br>Parameters: lol, 12000, true, Asus.jpg, true</td>
<td></td>
<td>0</td>
<td>unitTest.ProductDAOTest@6e509ffa</td></tr>
<tr>
<td title='unitTest.ProductDAOTest.addProduct()'><b>addProduct</b><br>Test class: unitTest.ProductDAOTest<br>Parameters: lol, 0, null, null, false</td>
<td></td>
<td>0</td>
<td>unitTest.ProductDAOTest@5ab9e72c</td></tr>
<tr>
<td title='unitTest.ProductDAOTest.addProduct()'><b>addProduct</b><br>Test class: unitTest.ProductDAOTest<br>Parameters: null, 0, true, null, false</td>
<td></td>
<td>0</td>
<td>unitTest.ProductDAOTest@71c3b41</td></tr>
<tr>
<td title='unitTest.ProductDAOTest.addProduct()'><b>addProduct</b><br>Test class: unitTest.ProductDAOTest<br>Parameters: null, 12000, null, null, false</td>
<td></td>
<td>0</td>
<td>unitTest.ProductDAOTest@c03cf28</td></tr>
<tr>
<td title='unitTest.ProductDAOTest.addProduct()'><b>addProduct</b><br>Test class: unitTest.ProductDAOTest<br>Parameters: null, 0, null, C://lol.jpg, false</td>
<td></td>
<td>0</td>
<td>unitTest.ProductDAOTest@68e965f5</td></tr>
<tr>
<td title='unitTest.ProductDAOTest.addProduct()'><b>addProduct</b><br>Test class: unitTest.ProductDAOTest<br>Parameters: bread, 0, true, null, false</td>
<td></td>
<td>0</td>
<td>unitTest.ProductDAOTest@306cf3ea</td></tr>
<tr>
<td title='unitTest.ProductDAOTest.addProduct()'><b>addProduct</b><br>Test class: unitTest.ProductDAOTest<br>Parameters: bread, 20000, null, null, false</td>
<td></td>
<td>0</td>
<td>unitTest.ProductDAOTest@3315d2d7</td></tr>
<tr>
<td title='unitTest.ProductDAOTest.addProduct()'><b>addProduct</b><br>Test class: unitTest.ProductDAOTest<br>Parameters: bread, 0, null, true.jpg, false</td>
<td></td>
<td>0</td>
<td>unitTest.ProductDAOTest@19d481b</td></tr>
<tr>
<td title='unitTest.ProductDAOTest.addProduct()'><b>addProduct</b><br>Test class: unitTest.ProductDAOTest<br>Parameters: null, 20000, true, null, false</td>
<td></td>
<td>0</td>
<td>unitTest.ProductDAOTest@6b8ca3c8</td></tr>
<tr>
<td title='unitTest.ProductDAOTest.addProduct()'><b>addProduct</b><br>Test class: unitTest.ProductDAOTest<br>Parameters: null, 0, true, qcert.jpg, false</td>
<td></td>
<td>0</td>
<td>unitTest.ProductDAOTest@2cd2a21f</td></tr>
<tr>
<td title='unitTest.ProductDAOTest.addProduct()'><b>addProduct</b><br>Test class: unitTest.ProductDAOTest<br>Parameters: null, 20000, null, sdasd.jpg, false</td>
<td></td>
<td>0</td>
<td>unitTest.ProductDAOTest@5fd4f8f5</td></tr>
<tr>
<td title='unitTest.ProductDAOTest.addProduct()'><b>addProduct</b><br>Test class: unitTest.ProductDAOTest<br>Parameters: zxcvb, 20000, true, null, false</td>
<td></td>
<td>0</td>
<td>unitTest.ProductDAOTest@732c2a62</td></tr>
<tr>
<td title='unitTest.ProductDAOTest.addProduct()'><b>addProduct</b><br>Test class: unitTest.ProductDAOTest<br>Parameters: zxcvb, 20000, null, xcvbnb.jpg, false</td>
<td></td>
<td>0</td>
<td>unitTest.ProductDAOTest@22e357dc</td></tr>
<tr>
<td title='unitTest.ProductDAOTest.addProduct()'><b>addProduct</b><br>Test class: unitTest.ProductDAOTest<br>Parameters: null, 20000, true, zxcvb.jpg, false</td>
<td></td>
<td>0</td>
<td>unitTest.ProductDAOTest@6d3a388c</td></tr>
<tr>
<td title='unitTest.ProductDAOTest.addProduct()'><b>addProduct</b><br>Test class: unitTest.ProductDAOTest<br>Parameters: null, 0, null, null, false</td>
<td></td>
<td>0</td>
<td>unitTest.ProductDAOTest@4bb33f74</td></tr>
<tr>
<td title='unitTest.ProductDAOTest.addProduct()'><b>addProduct</b><br>Test class: unitTest.ProductDAOTest<br>Parameters: lol@#$, 12000, true, Asus.jpg, true</td>
<td></td>
<td>0</td>
<td>unitTest.ProductDAOTest@7e5afaa6</td></tr>
<tr>
<td title='unitTest.ProductDAOTest.addProduct()'><b>addProduct</b><br>Test class: unitTest.ProductDAOTest<br>Parameters: l, 12000, true, Asus.jpg, true</td>
<td></td>
<td>0</td>
<td>unitTest.ProductDAOTest@fa49800</td></tr>
<tr>
<td title='unitTest.ProductDAOTest.addProduct()'><b>addProduct</b><br>Test class: unitTest.ProductDAOTest<br>Parameters: la, 12000, true, Asus.jpg, true</td>
<td></td>
<td>0</td>
<td>unitTest.ProductDAOTest@71def8f8</td></tr>
<tr>
<td title='unitTest.ProductDAOTest.addProduct()'><b>addProduct</b><br>Test class: unitTest.ProductDAOTest<br>Parameters: qwertyuiopasdfghjklzxcvbnmqwertyuiopasdf, 12000, true, Asus.jpg, true</td>
<td></td>
<td>0</td>
<td>unitTest.ProductDAOTest@6da21078</td></tr>
<tr>
<td title='unitTest.ProductDAOTest.addProduct()'><b>addProduct</b><br>Test class: unitTest.ProductDAOTest<br>Parameters: qwertyuiopasdfghjklzxcvbnmqwertyuiopasdfa, 12000, true, Asus.jpg, true</td>
<td></td>
<td>0</td>
<td>unitTest.ProductDAOTest@3b6ddd1d</td></tr>
<tr>
<td title='unitTest.ProductDAOTest.addProduct()'><b>addProduct</b><br>Test class: unitTest.ProductDAOTest<br>Parameters: zczxc, 1000, true, Asus.jpg, true</td>
<td></td>
<td>0</td>
<td>unitTest.ProductDAOTest@4dbb42b7</td></tr>
<tr>
<td title='unitTest.ProductDAOTest.addProduct()'><b>addProduct</b><br>Test class: unitTest.ProductDAOTest<br>Parameters: zczxc, 1001, true, Asus.jpg, true</td>
<td></td>
<td>0</td>
<td>unitTest.ProductDAOTest@6253c26</td></tr>
<tr>
<td title='unitTest.ProductDAOTest.addProduct()'><b>addProduct</b><br>Test class: unitTest.ProductDAOTest<br>Parameters: zczxc, 999998, true, Asus.jpg, true</td>
<td></td>
<td>0</td>
<td>unitTest.ProductDAOTest@47d9a273</td></tr>
<tr>
<td title='unitTest.ProductDAOTest.addProduct()'><b>addProduct</b><br>Test class: unitTest.ProductDAOTest<br>Parameters: zczxc, 999999, true, Asus.jpg, true</td>
<td></td>
<td>0</td>
<td>unitTest.ProductDAOTest@29215f06</td></tr>
<tr>
<td title='unitTest.ProductDAOTest.addProduct()'><b>addProduct</b><br>Test class: unitTest.ProductDAOTest<br>Parameters: zczxc, 12000, true, Asus.jpg, true</td>
<td></td>
<td>0</td>
<td>unitTest.ProductDAOTest@534a5a98</td></tr>
<tr>
<td title='unitTest.ProductDAOTest.addProduct()'><b>addProduct</b><br>Test class: unitTest.ProductDAOTest<br>Parameters: zczxc, 12000, false, Asus.jpg, true</td>
<td></td>
<td>0</td>
<td>unitTest.ProductDAOTest@51c668e3</td></tr>
<tr>
<td title='unitTest.ProductDAOTest.addProduct()'><b>addProduct</b><br>Test class: unitTest.ProductDAOTest<br>Parameters: zczxc, 12000, true, Asus.bmp, true</td>
<td></td>
<td>0</td>
<td>unitTest.ProductDAOTest@13e344d</td></tr>
<tr>
<td title='unitTest.ProductDAOTest.addProduct()'><b>addProduct</b><br>Test class: unitTest.ProductDAOTest<br>Parameters: zczxc, 12000, true, Asus.dib, true</td>
<td></td>
<td>0</td>
<td>unitTest.ProductDAOTest@738dc9b</td></tr>
<tr>
<td title='unitTest.ProductDAOTest.addProduct()'><b>addProduct</b><br>Test class: unitTest.ProductDAOTest<br>Parameters: zczxc, 12000, true, Asus.jpg, true</td>
<td></td>
<td>0</td>
<td>unitTest.ProductDAOTest@2a7f1f10</td></tr>
<tr>
<td title='unitTest.ProductDAOTest.addProduct()'><b>addProduct</b><br>Test class: unitTest.ProductDAOTest<br>Parameters: zczxc, 12000, true, Asus.jpeg, true</td>
<td></td>
<td>0</td>
<td>unitTest.ProductDAOTest@6892b3b6</td></tr>
<tr>
<td title='unitTest.ProductDAOTest.addProduct()'><b>addProduct</b><br>Test class: unitTest.ProductDAOTest<br>Parameters: zczxc, 12000, true, Asus.jfif, true</td>
<td></td>
<td>0</td>
<td>unitTest.ProductDAOTest@2eae8e6e</td></tr>
</table><p>
</body>
</html>